<?xml version="1.0" encoding="UTF-8"?>
<!-- Generated by org.testng.reporters.JUnitReportReporter -->
<testsuite hostname="DESKTOP-KVOUA9J" failures="0" tests="1" name="TestCases.s" time="21.338" errors="0" timestamp="2023-12-13T02:41:38 IST" skipped="0">
  <testcase classname="TestCases.s" name="xm" time="21.338"/>
  <system-out/>
</testsuite> <!-- TestCases.s -->
