<?xml version="1.0" encoding="UTF-8"?>
<!-- Generated by org.testng.reporters.JUnitReportReporter -->
<testsuite hostname="DESKTOP-KVOUA9J" failures="0" tests="4" name="TestCases.TestCase01" time="3.613" errors="0" timestamp="2023-12-26T01:17:39 IST" skipped="1">
  <testcase classname="TestCases.TestCase01" name="test1" time="2.044"/>
  <system-out/>
  <testcase classname="TestCases.TestCase01" name="test2" time="0.659"/>
  <system-out/>
  <testcase classname="TestCases.TestCase01" name="test4" time="0.910"/>
  <system-out/>
  <testcase classname="TestCases.TestCase01" name="test3">
    <skipped/>
  </testcase> <!-- test3 -->
  <system-out/>
</testsuite> <!-- TestCases.TestCase01 -->
