<?xml version="1.0" encoding="UTF-8"?>
<!-- Generated by org.testng.reporters.JUnitReportReporter -->
<testsuite hostname="DESKTOP-KVOUA9J" failures="0" tests="4" name="TestCases.TestCase01" time="3.766" errors="0" timestamp="2024-01-24T02:04:57 IST" skipped="2">
  <testcase classname="TestCases.TestCase01" name="test1" time="2.516"/>
  <system-out/>
  <testcase classname="TestCases.TestCase01" name="test2" time="1.250"/>
  <system-out/>
  <testcase classname="TestCases.TestCase01" name="test4">
    <skipped/>
  </testcase> <!-- test4 -->
  <system-out/>
  <testcase classname="TestCases.TestCase01" name="test3">
    <skipped/>
  </testcase> <!-- test3 -->
  <system-out/>
</testsuite> <!-- TestCases.TestCase01 -->
